This file contains any messages produced by compilers while
running configure, to aid debugging if configure makes a mistake.

It was created by SphinxTrain configure 5prealpha, which was
generated by GNU Autoconf 2.63.  Invocation command line was

  $ ./configure 

## --------- ##
## Platform. ##
## --------- ##

hostname = googol
uname -m = x86_64
uname -r = 3.19.0-15-generic
uname -s = Linux
uname -v = #15-Ubuntu SMP Thu Apr 16 23:32:37 UTC 2015

/usr/bin/uname -p = unknown
/bin/uname -X     = unknown

/bin/arch              = unknown
/usr/bin/arch -k       = unknown
/usr/convex/getsysinfo = unknown
/usr/bin/hostinfo      = unknown
/bin/machine           = unknown
/usr/bin/oslevel       = unknown
/bin/universe          = unknown

PATH: /usr/local/sbin
PATH: /usr/local/bin
PATH: /usr/sbin
PATH: /usr/bin
PATH: /sbin
PATH: /bin
PATH: /usr/games
PATH: /usr/local/games


## ----------- ##
## Core tests. ##
## ----------- ##

configure:2110: checking for a BSD-compatible install
configure:2178: result: /usr/bin/install -c
configure:2189: checking whether build environment is sane
configure:2249: result: yes
configure:2390: checking for a thread-safe mkdir -p
configure:2429: result: /bin/mkdir -p
configure:2442: checking for gawk
configure:2458: found /usr/bin/gawk
configure:2469: result: gawk
configure:2480: checking whether make sets $(MAKE)
configure:2502: result: yes
configure:2583: checking build system type
configure:2601: result: x86_64-unknown-linux-gnu
configure:2623: checking host system type
configure:2638: result: x86_64-unknown-linux-gnu
configure:2709: checking for gcc
configure:2725: found /usr/bin/gcc
configure:2736: result: gcc
configure:2968: checking for C compiler version
configure:2976: gcc --version >&5
gcc (Ubuntu 4.9.2-10ubuntu13) 4.9.2
Copyright (C) 2014 Free Software Foundation, Inc.
This is free software; see the source for copying conditions.  There is NO
warranty; not even for MERCHANTABILITY or FITNESS FOR A PARTICULAR PURPOSE.

configure:2980: $? = 0
configure:2987: gcc -v >&5
Using built-in specs.
COLLECT_GCC=gcc
COLLECT_LTO_WRAPPER=/usr/lib/gcc/x86_64-linux-gnu/4.9/lto-wrapper
Target: x86_64-linux-gnu
Configured with: ../src/configure -v --with-pkgversion='Ubuntu 4.9.2-10ubuntu13' --with-bugurl=file:///usr/share/doc/gcc-4.9/README.Bugs --enable-languages=c,c++,java,go,d,fortran,objc,obj-c++ --prefix=/usr --program-suffix=-4.9 --enable-shared --enable-linker-build-id --libexecdir=/usr/lib --without-included-gettext --enable-threads=posix --with-gxx-include-dir=/usr/include/c++/4.9 --libdir=/usr/lib --enable-nls --with-sysroot=/ --enable-clocale=gnu --enable-libstdcxx-debug --enable-libstdcxx-time=yes --enable-gnu-unique-object --disable-vtable-verify --enable-plugin --with-system-zlib --disable-browser-plugin --enable-java-awt=gtk --enable-gtk-cairo --with-java-home=/usr/lib/jvm/java-1.5.0-gcj-4.9-amd64/jre --enable-java-home --with-jvm-root-dir=/usr/lib/jvm/java-1.5.0-gcj-4.9-amd64 --with-jvm-jar-dir=/usr/lib/jvm-exports/java-1.5.0-gcj-4.9-amd64 --with-arch-directory=amd64 --with-ecj-jar=/usr/share/java/eclipse-ecj.jar --enable-objc-gc --enable-multiarch --disable-werror --with-arch-32=i686 --with-abi=m64 --with-multilib-list=m32,m64,mx32 --enable-multilib --with-tune=generic --enable-checking=release --build=x86_64-linux-gnu --host=x86_64-linux-gnu --target=x86_64-linux-gnu
Thread model: posix
gcc version 4.9.2 (Ubuntu 4.9.2-10ubuntu13) 
configure:2991: $? = 0
configure:2998: gcc -V >&5
gcc: error: unrecognized command line option '-V'
gcc: fatal error: no input files
compilation terminated.
configure:3002: $? = 4
configure:3025: checking for C compiler default output file name
configure:3047: gcc    conftest.c  >&5
configure:3051: $? = 0
configure:3089: result: a.out
configure:3108: checking whether the C compiler works
configure:3118: ./a.out
configure:3122: $? = 0
configure:3141: result: yes
configure:3148: checking whether we are cross compiling
configure:3150: result: no
configure:3153: checking for suffix of executables
configure:3160: gcc -o conftest    conftest.c  >&5
configure:3164: $? = 0
configure:3190: result: 
configure:3196: checking for suffix of object files
configure:3222: gcc -c   conftest.c >&5
configure:3226: $? = 0
configure:3251: result: o
configure:3255: checking whether we are using the GNU C compiler
configure:3284: gcc -c   conftest.c >&5
configure:3291: $? = 0
configure:3308: result: yes
configure:3317: checking whether gcc accepts -g
configure:3347: gcc -c -g  conftest.c >&5
configure:3354: $? = 0
configure:3455: result: yes
configure:3472: checking for gcc option to accept ISO C89
configure:3546: gcc  -c -g -O2  conftest.c >&5
configure:3553: $? = 0
configure:3576: result: none needed
configure:3605: checking for style of include used by make
configure:3633: result: GNU
configure:3658: checking dependency style of gcc
configure:3768: result: gcc3
configure:3841: checking for g++
configure:3857: found /usr/bin/g++
configure:3868: result: g++
configure:3895: checking for C++ compiler version
configure:3903: g++ --version >&5
g++ (Ubuntu 4.9.2-10ubuntu13) 4.9.2
Copyright (C) 2014 Free Software Foundation, Inc.
This is free software; see the source for copying conditions.  There is NO
warranty; not even for MERCHANTABILITY or FITNESS FOR A PARTICULAR PURPOSE.

configure:3907: $? = 0
configure:3914: g++ -v >&5
Using built-in specs.
COLLECT_GCC=g++
COLLECT_LTO_WRAPPER=/usr/lib/gcc/x86_64-linux-gnu/4.9/lto-wrapper
Target: x86_64-linux-gnu
Configured with: ../src/configure -v --with-pkgversion='Ubuntu 4.9.2-10ubuntu13' --with-bugurl=file:///usr/share/doc/gcc-4.9/README.Bugs --enable-languages=c,c++,java,go,d,fortran,objc,obj-c++ --prefix=/usr --program-suffix=-4.9 --enable-shared --enable-linker-build-id --libexecdir=/usr/lib --without-included-gettext --enable-threads=posix --with-gxx-include-dir=/usr/include/c++/4.9 --libdir=/usr/lib --enable-nls --with-sysroot=/ --enable-clocale=gnu --enable-libstdcxx-debug --enable-libstdcxx-time=yes --enable-gnu-unique-object --disable-vtable-verify --enable-plugin --with-system-zlib --disable-browser-plugin --enable-java-awt=gtk --enable-gtk-cairo --with-java-home=/usr/lib/jvm/java-1.5.0-gcj-4.9-amd64/jre --enable-java-home --with-jvm-root-dir=/usr/lib/jvm/java-1.5.0-gcj-4.9-amd64 --with-jvm-jar-dir=/usr/lib/jvm-exports/java-1.5.0-gcj-4.9-amd64 --with-arch-directory=amd64 --with-ecj-jar=/usr/share/java/eclipse-ecj.jar --enable-objc-gc --enable-multiarch --disable-werror --with-arch-32=i686 --with-abi=m64 --with-multilib-list=m32,m64,mx32 --enable-multilib --with-tune=generic --enable-checking=release --build=x86_64-linux-gnu --host=x86_64-linux-gnu --target=x86_64-linux-gnu
Thread model: posix
gcc version 4.9.2 (Ubuntu 4.9.2-10ubuntu13) 
configure:3918: $? = 0
configure:3925: g++ -V >&5
g++: error: unrecognized command line option '-V'
g++: fatal error: no input files
compilation terminated.
configure:3929: $? = 4
configure:3932: checking whether we are using the GNU C++ compiler
configure:3961: g++ -c   conftest.cpp >&5
configure:3968: $? = 0
configure:3985: result: yes
configure:3994: checking whether g++ accepts -g
configure:4024: g++ -c -g  conftest.cpp >&5
configure:4031: $? = 0
configure:4132: result: yes
configure:4157: checking dependency style of g++
configure:4267: result: gcc3
configure:4288: checking how to run the C preprocessor
configure:4328: gcc -E  conftest.c
configure:4335: $? = 0
configure:4366: gcc -E  conftest.c
conftest.c:8:28: fatal error: ac_nonexistent.h: No such file or directory
 #include <ac_nonexistent.h>
                            ^
compilation terminated.
configure:4373: $? = 1
configure: failed program was:
| /* confdefs.h.  */
| #define PACKAGE_NAME "SphinxTrain"
| #define PACKAGE_TARNAME "sphinxtrain"
| #define PACKAGE_VERSION "5prealpha"
| #define PACKAGE_STRING "SphinxTrain 5prealpha"
| #define PACKAGE_BUGREPORT ""
| /* end confdefs.h.  */
| #include <ac_nonexistent.h>
configure:4406: result: gcc -E
configure:4435: gcc -E  conftest.c
configure:4442: $? = 0
configure:4473: gcc -E  conftest.c
conftest.c:8:28: fatal error: ac_nonexistent.h: No such file or directory
 #include <ac_nonexistent.h>
                            ^
compilation terminated.
configure:4480: $? = 1
configure: failed program was:
| /* confdefs.h.  */
| #define PACKAGE_NAME "SphinxTrain"
| #define PACKAGE_TARNAME "sphinxtrain"
| #define PACKAGE_VERSION "5prealpha"
| #define PACKAGE_STRING "SphinxTrain 5prealpha"
| #define PACKAGE_BUGREPORT ""
| /* end confdefs.h.  */
| #include <ac_nonexistent.h>
configure:4520: checking for grep that handles long lines and -e
configure:4580: result: /bin/grep
configure:4585: checking for egrep
configure:4649: result: /bin/grep -E
configure:4654: checking for ANSI C header files
configure:4684: gcc -c -g -O2  conftest.c >&5
configure:4691: $? = 0
configure:4790: gcc -o conftest -g -O2   conftest.c  >&5
configure:4794: $? = 0
configure:4800: ./conftest
configure:4804: $? = 0
configure:4822: result: yes
configure:4846: checking for sys/types.h
configure:4867: gcc -c -g -O2  conftest.c >&5
configure:4874: $? = 0
configure:4891: result: yes
configure:4846: checking for sys/stat.h
configure:4867: gcc -c -g -O2  conftest.c >&5
configure:4874: $? = 0
configure:4891: result: yes
configure:4846: checking for stdlib.h
configure:4867: gcc -c -g -O2  conftest.c >&5
configure:4874: $? = 0
configure:4891: result: yes
configure:4846: checking for string.h
configure:4867: gcc -c -g -O2  conftest.c >&5
configure:4874: $? = 0
configure:4891: result: yes
configure:4846: checking for memory.h
configure:4867: gcc -c -g -O2  conftest.c >&5
configure:4874: $? = 0
configure:4891: result: yes
configure:4846: checking for strings.h
configure:4867: gcc -c -g -O2  conftest.c >&5
configure:4874: $? = 0
configure:4891: result: yes
configure:4846: checking for inttypes.h
configure:4867: gcc -c -g -O2  conftest.c >&5
configure:4874: $? = 0
configure:4891: result: yes
configure:4846: checking for stdint.h
configure:4867: gcc -c -g -O2  conftest.c >&5
configure:4874: $? = 0
configure:4891: result: yes
configure:4846: checking for unistd.h
configure:4867: gcc -c -g -O2  conftest.c >&5
configure:4874: $? = 0
configure:4891: result: yes
configure:4906: checking whether byte ordering is bigendian
configure:4931: gcc -c -g -O2  conftest.c >&5
conftest.c:19:9: error: unknown type name 'not'
         not a universal capable compiler
         ^
conftest.c:19:15: error: expected '=', ',', ';', 'asm' or '__attribute__' before 'universal'
         not a universal capable compiler
               ^
conftest.c:19:15: error: unknown type name 'universal'
configure:4938: $? = 1
configure: failed program was:
| /* confdefs.h.  */
| #define PACKAGE_NAME "SphinxTrain"
| #define PACKAGE_TARNAME "sphinxtrain"
| #define PACKAGE_VERSION "5prealpha"
| #define PACKAGE_STRING "SphinxTrain 5prealpha"
| #define PACKAGE_BUGREPORT ""
| #define STDC_HEADERS 1
| #define HAVE_SYS_TYPES_H 1
| #define HAVE_SYS_STAT_H 1
| #define HAVE_STDLIB_H 1
| #define HAVE_STRING_H 1
| #define HAVE_MEMORY_H 1
| #define HAVE_STRINGS_H 1
| #define HAVE_INTTYPES_H 1
| #define HAVE_STDINT_H 1
| #define HAVE_UNISTD_H 1
| /* end confdefs.h.  */
| #ifndef __APPLE_CC__
| 	       not a universal capable compiler
| 	     #endif
| 	     typedef int dummy;
| 
configure:4988: gcc -c -g -O2  conftest.c >&5
configure:4995: $? = 0
configure:5027: gcc -c -g -O2  conftest.c >&5
conftest.c: In function 'main':
conftest.c:25:4: error: unknown type name 'not'
    not big endian
    ^
conftest.c:25:12: error: expected '=', ',', ';', 'asm' or '__attribute__' before 'endian'
    not big endian
            ^
configure:5034: $? = 1
configure: failed program was:
| /* confdefs.h.  */
| #define PACKAGE_NAME "SphinxTrain"
| #define PACKAGE_TARNAME "sphinxtrain"
| #define PACKAGE_VERSION "5prealpha"
| #define PACKAGE_STRING "SphinxTrain 5prealpha"
| #define PACKAGE_BUGREPORT ""
| #define STDC_HEADERS 1
| #define HAVE_SYS_TYPES_H 1
| #define HAVE_SYS_STAT_H 1
| #define HAVE_STDLIB_H 1
| #define HAVE_STRING_H 1
| #define HAVE_MEMORY_H 1
| #define HAVE_STRINGS_H 1
| #define HAVE_INTTYPES_H 1
| #define HAVE_STDINT_H 1
| #define HAVE_UNISTD_H 1
| /* end confdefs.h.  */
| #include <sys/types.h>
| 		#include <sys/param.h>
| 
| int
| main ()
| {
| #if BYTE_ORDER != BIG_ENDIAN
| 		 not big endian
| 		#endif
| 
|   ;
|   return 0;
| }
configure:5286: result: no
configure:5337: checking for a sed that does not truncate output
configure:5403: result: /bin/sed
configure:5421: checking for fgrep
configure:5485: result: /bin/grep -F
configure:5520: checking for ld used by gcc
configure:5587: result: /usr/bin/ld
configure:5596: checking if the linker (/usr/bin/ld) is GNU ld
configure:5611: result: yes
configure:5623: checking for BSD- or MS-compatible name lister (nm)
configure:5672: result: /usr/bin/nm -B
configure:5790: checking the name lister (/usr/bin/nm -B) interface
configure:5797: gcc -c -g -O2  conftest.c >&5
configure:5800: /usr/bin/nm -B "conftest.o"
configure:5803: output
0000000000000000 B some_variable
configure:5810: result: BSD nm
configure:5813: checking whether ln -s works
configure:5817: result: yes
configure:5825: checking the maximum length of command line arguments
configure:5945: result: 1572864
configure:5962: checking whether the shell understands some XSI constructs
configure:5972: result: yes
configure:5976: checking whether the shell understands "+="
configure:5982: result: yes
configure:6017: checking for /usr/bin/ld option to reload object files
configure:6024: result: -r
configure:6093: checking for objdump
configure:6109: found /usr/bin/objdump
configure:6120: result: objdump
configure:6152: checking how to recognize dependent libraries
configure:6348: result: pass_all
configure:6408: checking for ar
configure:6424: found /usr/bin/ar
configure:6435: result: ar
configure:6513: checking for strip
configure:6529: found /usr/bin/strip
configure:6540: result: strip
configure:6612: checking for ranlib
configure:6628: found /usr/bin/ranlib
configure:6639: result: ranlib
configure:6729: checking command to parse /usr/bin/nm -B output from gcc object
configure:6847: gcc -c -g -O2  conftest.c >&5
configure:6850: $? = 0
configure:6854: /usr/bin/nm -B conftest.o \| sed -n -e 's/^.*[	 ]\([ABCDGIRSTW][ABCDGIRSTW]*\)[	 ][	 ]*\([_A-Za-z][_A-Za-z0-9]*\)$/\1 \2 \2/p' \> conftest.nm
configure:6857: $? = 0
configure:6911: gcc -o conftest -g -O2   conftest.c conftstm.o >&5
configure:6914: $? = 0
configure:6952: result: ok
configure:7047: gcc -c -g -O2  conftest.c >&5
configure:7050: $? = 0
configure:7817: checking for dlfcn.h
configure:7838: gcc -c -g -O2  conftest.c >&5
configure:7845: $? = 0
configure:7862: result: yes
configure:7989: checking for C++ compiler version
configure:7997: g++ --version >&5
g++ (Ubuntu 4.9.2-10ubuntu13) 4.9.2
Copyright (C) 2014 Free Software Foundation, Inc.
This is free software; see the source for copying conditions.  There is NO
warranty; not even for MERCHANTABILITY or FITNESS FOR A PARTICULAR PURPOSE.

configure:8001: $? = 0
configure:8008: g++ -v >&5
Using built-in specs.
COLLECT_GCC=g++
COLLECT_LTO_WRAPPER=/usr/lib/gcc/x86_64-linux-gnu/4.9/lto-wrapper
Target: x86_64-linux-gnu
Configured with: ../src/configure -v --with-pkgversion='Ubuntu 4.9.2-10ubuntu13' --with-bugurl=file:///usr/share/doc/gcc-4.9/README.Bugs --enable-languages=c,c++,java,go,d,fortran,objc,obj-c++ --prefix=/usr --program-suffix=-4.9 --enable-shared --enable-linker-build-id --libexecdir=/usr/lib --without-included-gettext --enable-threads=posix --with-gxx-include-dir=/usr/include/c++/4.9 --libdir=/usr/lib --enable-nls --with-sysroot=/ --enable-clocale=gnu --enable-libstdcxx-debug --enable-libstdcxx-time=yes --enable-gnu-unique-object --disable-vtable-verify --enable-plugin --with-system-zlib --disable-browser-plugin --enable-java-awt=gtk --enable-gtk-cairo --with-java-home=/usr/lib/jvm/java-1.5.0-gcj-4.9-amd64/jre --enable-java-home --with-jvm-root-dir=/usr/lib/jvm/java-1.5.0-gcj-4.9-amd64 --with-jvm-jar-dir=/usr/lib/jvm-exports/java-1.5.0-gcj-4.9-amd64 --with-arch-directory=amd64 --with-ecj-jar=/usr/share/java/eclipse-ecj.jar --enable-objc-gc --enable-multiarch --disable-werror --with-arch-32=i686 --with-abi=m64 --with-multilib-list=m32,m64,mx32 --enable-multilib --with-tune=generic --enable-checking=release --build=x86_64-linux-gnu --host=x86_64-linux-gnu --target=x86_64-linux-gnu
Thread model: posix
gcc version 4.9.2 (Ubuntu 4.9.2-10ubuntu13) 
configure:8012: $? = 0
configure:8019: g++ -V >&5
g++: error: unrecognized command line option '-V'
g++: fatal error: no input files
compilation terminated.
configure:8023: $? = 4
configure:8026: checking whether we are using the GNU C++ compiler
configure:8079: result: yes
configure:8088: checking whether g++ accepts -g
configure:8226: result: yes
configure:8251: checking dependency style of g++
configure:8361: result: gcc3
configure:8384: checking how to run the C++ preprocessor
configure:8420: g++ -E  conftest.cpp
configure:8427: $? = 0
configure:8458: g++ -E  conftest.cpp
conftest.cpp:19:28: fatal error: ac_nonexistent.h: No such file or directory
 #include <ac_nonexistent.h>
                            ^
compilation terminated.
configure:8465: $? = 1
configure: failed program was:
| /* confdefs.h.  */
| #define PACKAGE_NAME "SphinxTrain"
| #define PACKAGE_TARNAME "sphinxtrain"
| #define PACKAGE_VERSION "5prealpha"
| #define PACKAGE_STRING "SphinxTrain 5prealpha"
| #define PACKAGE_BUGREPORT ""
| #define STDC_HEADERS 1
| #define HAVE_SYS_TYPES_H 1
| #define HAVE_SYS_STAT_H 1
| #define HAVE_STDLIB_H 1
| #define HAVE_STRING_H 1
| #define HAVE_MEMORY_H 1
| #define HAVE_STRINGS_H 1
| #define HAVE_INTTYPES_H 1
| #define HAVE_STDINT_H 1
| #define HAVE_UNISTD_H 1
| #define HAVE_DLFCN_H 1
| /* end confdefs.h.  */
| #include <ac_nonexistent.h>
configure:8498: result: g++ -E
configure:8527: g++ -E  conftest.cpp
configure:8534: $? = 0
configure:8565: g++ -E  conftest.cpp
conftest.cpp:19:28: fatal error: ac_nonexistent.h: No such file or directory
 #include <ac_nonexistent.h>
                            ^
compilation terminated.
configure:8572: $? = 1
configure: failed program was:
| /* confdefs.h.  */
| #define PACKAGE_NAME "SphinxTrain"
| #define PACKAGE_TARNAME "sphinxtrain"
| #define PACKAGE_VERSION "5prealpha"
| #define PACKAGE_STRING "SphinxTrain 5prealpha"
| #define PACKAGE_BUGREPORT ""
| #define STDC_HEADERS 1
| #define HAVE_SYS_TYPES_H 1
| #define HAVE_SYS_STAT_H 1
| #define HAVE_STDLIB_H 1
| #define HAVE_STRING_H 1
| #define HAVE_MEMORY_H 1
| #define HAVE_STRINGS_H 1
| #define HAVE_INTTYPES_H 1
| #define HAVE_STDINT_H 1
| #define HAVE_UNISTD_H 1
| #define HAVE_DLFCN_H 1
| /* end confdefs.h.  */
| #include <ac_nonexistent.h>
configure:8786: checking for objdir
configure:8801: result: .libs
configure:9097: checking if gcc supports -fno-rtti -fno-exceptions
configure:9115: gcc -c -g -O2  -fno-rtti -fno-exceptions conftest.c >&5
cc1: warning: command line option '-fno-rtti' is valid for C++/ObjC++ but not for C
configure:9119: $? = 0
configure:9132: result: no
configure:9152: checking for gcc option to produce PIC
configure:9424: result: -fPIC -DPIC
configure:9436: checking if gcc PIC flag -fPIC -DPIC works
configure:9454: gcc -c -g -O2  -fPIC -DPIC -DPIC conftest.c >&5
configure:9458: $? = 0
configure:9471: result: yes
configure:9495: checking if gcc static flag -static works
configure:9523: result: yes
configure:9538: checking if gcc supports -c -o file.o
configure:9559: gcc -c -g -O2  -o out/conftest2.o conftest.c >&5
configure:9563: $? = 0
configure:9585: result: yes
configure:9593: checking if gcc supports -c -o file.o
configure:9640: result: yes
configure:9673: checking whether the gcc linker (/usr/bin/ld -m elf_x86_64) supports shared libraries
configure:10747: result: yes
configure:10784: checking whether -lc should be explicitly linked in
configure:10789: gcc -c -g -O2  conftest.c >&5
configure:10792: $? = 0
configure:10807: gcc -shared conftest.o  -v -Wl,-soname -Wl,conftest -o conftest 2\>\&1 \| /bin/grep  -lc  \>/dev/null 2\>\&1
configure:10810: $? = 0
configure:10822: result: no
configure:10986: checking dynamic linker characteristics
configure:11429: gcc -o conftest -g -O2   -Wl,-rpath -Wl,/foo conftest.c  >&5
configure:11436: $? = 0
configure:11672: result: GNU/Linux ld.so
configure:11774: checking how to hardcode library paths into programs
configure:11799: result: immediate
configure:12632: checking whether stripping libraries is possible
configure:12637: result: yes
configure:12672: checking if libtool supports shared libraries
configure:12674: result: yes
configure:12677: checking whether to build shared libraries
configure:12698: result: yes
configure:12701: checking whether to build static libraries
configure:12705: result: yes
configure:12855: checking for ld used by g++
configure:12922: result: /usr/bin/ld -m elf_x86_64
configure:12931: checking if the linker (/usr/bin/ld -m elf_x86_64) is GNU ld
configure:12946: result: yes
configure:13001: checking whether the g++ linker (/usr/bin/ld -m elf_x86_64) supports shared libraries
configure:13976: result: yes
configure:14004: g++ -c -g -O2  conftest.cpp >&5
configure:14007: $? = 0
configure:14189: checking for g++ option to produce PIC
configure:14506: result: -fPIC -DPIC
configure:14515: checking if g++ PIC flag -fPIC -DPIC works
configure:14533: g++ -c -g -O2  -fPIC -DPIC -DPIC conftest.cpp >&5
configure:14537: $? = 0
configure:14550: result: yes
configure:14571: checking if g++ static flag -static works
configure:14599: result: yes
configure:14611: checking if g++ supports -c -o file.o
configure:14632: g++ -c -g -O2  -o out/conftest2.o conftest.cpp >&5
configure:14636: $? = 0
configure:14658: result: yes
configure:14663: checking if g++ supports -c -o file.o
configure:14710: result: yes
configure:14740: checking whether the g++ linker (/usr/bin/ld -m elf_x86_64) supports shared libraries
configure:14766: result: yes
configure:14903: checking dynamic linker characteristics
configure:15294: g++ -o conftest -g -O2   -Wl,-rpath -Wl,/foo conftest.cpp  >&5
configure:15301: $? = 0
configure:15537: result: GNU/Linux ld.so
configure:15588: checking how to hardcode library paths into programs
configure:15613: result: immediate
configure:15673: checking for log in -lm
configure:15708: gcc -o conftest -g -O2   conftest.c -lm   >&5
conftest.c:27:6: warning: conflicting types for built-in function 'log'
 char log ();
      ^
configure:15715: $? = 0
configure:15736: result: yes
configure:15748: checking for d_log in -lg2c
configure:15783: gcc -o conftest -g -O2   conftest.c -lg2c  -lm  >&5
/usr/bin/ld: cannot find -lg2c
collect2: error: ld returned 1 exit status
configure:15790: $? = 1
configure: failed program was:
| /* confdefs.h.  */
| #define PACKAGE_NAME "SphinxTrain"
| #define PACKAGE_TARNAME "sphinxtrain"
| #define PACKAGE_VERSION "5prealpha"
| #define PACKAGE_STRING "SphinxTrain 5prealpha"
| #define PACKAGE_BUGREPORT ""
| #define STDC_HEADERS 1
| #define HAVE_SYS_TYPES_H 1
| #define HAVE_SYS_STAT_H 1
| #define HAVE_STDLIB_H 1
| #define HAVE_STRING_H 1
| #define HAVE_MEMORY_H 1
| #define HAVE_STRINGS_H 1
| #define HAVE_INTTYPES_H 1
| #define HAVE_STDINT_H 1
| #define HAVE_UNISTD_H 1
| #define HAVE_DLFCN_H 1
| #define LT_OBJDIR ".libs/"
| #define HAVE_LIBM 1
| /* end confdefs.h.  */
| 
| /* Override any GCC internal prototype to avoid an error.
|    Use char because int might match the return type of a GCC
|    builtin and then its argument prototype would still apply.  */
| #ifdef __cplusplus
| extern "C"
| #endif
| char d_log ();
| int
| main ()
| {
| return d_log ();
|   ;
|   return 0;
| }
configure:15811: result: no
configure:15827: checking for perl5
configure:15860: result: no
configure:15827: checking for perl
configure:15845: found /usr/bin/perl
configure:15857: result: /usr/bin/perl
configure:15917: checking for sphinxbase in /home/hkl/voice/sphinxtrain/../sphinxbase
configure:15921: result: yes
configure:16311: checking for /home/hkl/voice/sphinxtrain/../sphinxbase/include/sphinxbase/prim_type.h
configure:16328: result: yes
configure:16348: checking for /home/hkl/voice/sphinxtrain/../sphinxbase/src/libsphinxbase/libsphinxbase.la
configure:16365: result: yes
configure:16907: creating ./config.status

## ---------------------- ##
## Running config.status. ##
## ---------------------- ##

This file was extended by SphinxTrain config.status 5prealpha, which was
generated by GNU Autoconf 2.63.  Invocation command line was

  CONFIG_FILES    = 
  CONFIG_HEADERS  = 
  CONFIG_LINKS    = 
  CONFIG_COMMANDS = 
  $ ./config.status 

on googol

config.status:1018: creating Makefile
config.status:1018: creating etc/Makefile
config.status:1018: creating include/Makefile
config.status:1018: creating python/Makefile
config.status:1018: creating scripts/Makefile
config.status:1018: creating src/Makefile
config.status:1018: creating src/programs/Makefile
config.status:1018: creating src/libs/Makefile
config.status:1018: creating src/libs/libclust/Makefile
config.status:1018: creating src/libs/libcommon/Makefile
config.status:1018: creating src/libs/libio/Makefile
config.status:1018: creating src/libs/libmllr/Makefile
config.status:1018: creating src/libs/libmodinv/Makefile
config.status:1018: creating src/programs/agg_seg/Makefile
config.status:1018: creating src/programs/bldtree/Makefile
config.status:1018: creating src/programs/bw/Makefile
config.status:1018: creating src/programs/cdcn_norm/Makefile
config.status:1018: creating src/programs/cdcn_train/Makefile
config.status:1018: creating src/programs/cp_parm/Makefile
config.status:1018: creating src/programs/delint/Makefile
config.status:1018: creating src/programs/inc_comp/Makefile
config.status:1018: creating src/programs/init_gau/Makefile
config.status:1018: creating src/programs/init_mixw/Makefile
config.status:1018: creating src/programs/g2p_eval/Makefile
config.status:1018: creating src/programs/g2p_train/Makefile
config.status:1018: creating src/programs/kdtree/Makefile
config.status:1018: creating src/programs/kmeans_init/Makefile
config.status:1018: creating src/programs/make_quests/Makefile
config.status:1018: creating src/programs/map_adapt/Makefile
config.status:1018: creating src/programs/mixw_interp/Makefile
config.status:1018: creating src/programs/mk_flat/Makefile
config.status:1018: creating src/programs/mk_mdef_gen/Makefile
config.status:1018: creating src/programs/mk_mllr_class/Makefile
config.status:1018: creating src/programs/mk_s2sendump/Makefile
config.status:1018: creating src/programs/mk_ts2cb/Makefile
config.status:1018: creating src/programs/mllr_solve/Makefile
config.status:1018: creating src/programs/mllr_transform/Makefile
config.status:1018: creating src/programs/norm/Makefile
config.status:1018: creating src/programs/param_cnt/Makefile
config.status:1018: creating src/programs/printp/Makefile
config.status:1018: creating src/programs/prunetree/Makefile
config.status:1018: creating src/programs/tiestate/Makefile
config.status:1018: creating test/Makefile
config.status:1229: executing depfiles commands
config.status:1229: executing libtool commands

## ---------------- ##
## Cache variables. ##
## ---------------- ##

ac_cv_build=x86_64-unknown-linux-gnu
ac_cv_c_bigendian=no
ac_cv_c_compiler_gnu=yes
ac_cv_cxx_compiler_gnu=yes
ac_cv_env_CCC_set=
ac_cv_env_CCC_value=
ac_cv_env_CC_set=
ac_cv_env_CC_value=
ac_cv_env_CFLAGS_set=
ac_cv_env_CFLAGS_value=
ac_cv_env_CPPFLAGS_set=
ac_cv_env_CPPFLAGS_value=
ac_cv_env_CPP_set=
ac_cv_env_CPP_value=
ac_cv_env_CXXCPP_set=
ac_cv_env_CXXCPP_value=
ac_cv_env_CXXFLAGS_set=
ac_cv_env_CXXFLAGS_value=
ac_cv_env_CXX_set=
ac_cv_env_CXX_value=
ac_cv_env_LDFLAGS_set=
ac_cv_env_LDFLAGS_value=
ac_cv_env_LIBS_set=
ac_cv_env_LIBS_value=
ac_cv_env_PKG_CONFIG_set=
ac_cv_env_PKG_CONFIG_value=
ac_cv_env_SphinxBase_CFLAGS_set=
ac_cv_env_SphinxBase_CFLAGS_value=
ac_cv_env_SphinxBase_LIBS_set=
ac_cv_env_SphinxBase_LIBS_value=
ac_cv_env_build_alias_set=
ac_cv_env_build_alias_value=
ac_cv_env_host_alias_set=
ac_cv_env_host_alias_value=
ac_cv_env_target_alias_set=
ac_cv_env_target_alias_value=
ac_cv_file__home_hkl_voice_sphinxtrain____sphinxbase_include_sphinxbase_prim_type_h=yes
ac_cv_file__home_hkl_voice_sphinxtrain____sphinxbase_src_libsphinxbase_libsphinxbase_la=yes
ac_cv_header_dlfcn_h=yes
ac_cv_header_inttypes_h=yes
ac_cv_header_memory_h=yes
ac_cv_header_stdc=yes
ac_cv_header_stdint_h=yes
ac_cv_header_stdlib_h=yes
ac_cv_header_string_h=yes
ac_cv_header_strings_h=yes
ac_cv_header_sys_stat_h=yes
ac_cv_header_sys_types_h=yes
ac_cv_header_unistd_h=yes
ac_cv_host=x86_64-unknown-linux-gnu
ac_cv_lib_g2c_d_log=no
ac_cv_lib_m_log=yes
ac_cv_objext=o
ac_cv_path_EGREP='/bin/grep -E'
ac_cv_path_FGREP='/bin/grep -F'
ac_cv_path_GREP=/bin/grep
ac_cv_path_PERL=/usr/bin/perl
ac_cv_path_SED=/bin/sed
ac_cv_path_install='/usr/bin/install -c'
ac_cv_path_mkdir=/bin/mkdir
ac_cv_prog_AWK=gawk
ac_cv_prog_CPP='gcc -E'
ac_cv_prog_CXXCPP='g++ -E'
ac_cv_prog_ac_ct_AR=ar
ac_cv_prog_ac_ct_CC=gcc
ac_cv_prog_ac_ct_CXX=g++
ac_cv_prog_ac_ct_OBJDUMP=objdump
ac_cv_prog_ac_ct_RANLIB=ranlib
ac_cv_prog_ac_ct_STRIP=strip
ac_cv_prog_cc_c89=
ac_cv_prog_cc_g=yes
ac_cv_prog_cxx_g=yes
ac_cv_prog_make_make_set=yes
am_cv_CC_dependencies_compiler_type=gcc3
am_cv_CXX_dependencies_compiler_type=gcc3
lt_cv_deplibs_check_method=pass_all
lt_cv_file_magic_cmd='$MAGIC_CMD'
lt_cv_file_magic_test_file=
lt_cv_ld_reload_flag=-r
lt_cv_nm_interface='BSD nm'
lt_cv_objdir=.libs
lt_cv_path_LD=/usr/bin/ld
lt_cv_path_LDCXX='/usr/bin/ld -m elf_x86_64'
lt_cv_path_NM='/usr/bin/nm -B'
lt_cv_prog_compiler_c_o=yes
lt_cv_prog_compiler_c_o_CXX=yes
lt_cv_prog_compiler_pic_works=yes
lt_cv_prog_compiler_pic_works_CXX=yes
lt_cv_prog_compiler_rtti_exceptions=no
lt_cv_prog_compiler_static_works=yes
lt_cv_prog_compiler_static_works_CXX=yes
lt_cv_prog_gnu_ld=yes
lt_cv_prog_gnu_ldcxx=yes
lt_cv_sys_global_symbol_pipe='sed -n -e '\''s/^.*[	 ]\([ABCDGIRSTW][ABCDGIRSTW]*\)[	 ][	 ]*\([_A-Za-z][_A-Za-z0-9]*\)$/\1 \2 \2/p'\'''
lt_cv_sys_global_symbol_to_c_name_address='sed -n -e '\''s/^: \([^ ]*\) $/  {\"\1\", (void *) 0},/p'\'' -e '\''s/^[ABCDGIRSTW]* \([^ ]*\) \([^ ]*\)$/  {"\2", (void *) \&\2},/p'\'''
lt_cv_sys_global_symbol_to_c_name_address_lib_prefix='sed -n -e '\''s/^: \([^ ]*\) $/  {\"\1\", (void *) 0},/p'\'' -e '\''s/^[ABCDGIRSTW]* \([^ ]*\) \(lib[^ ]*\)$/  {"\2", (void *) \&\2},/p'\'' -e '\''s/^[ABCDGIRSTW]* \([^ ]*\) \([^ ]*\)$/  {"lib\2", (void *) \&\2},/p'\'''
lt_cv_sys_global_symbol_to_cdecl='sed -n -e '\''s/^T .* \(.*\)$/extern int \1();/p'\'' -e '\''s/^[ABCDGIRSTW]* .* \(.*\)$/extern char \1;/p'\'''
lt_cv_sys_max_cmd_len=1572864

## ----------------- ##
## Output variables. ##
## ----------------- ##

ACLOCAL='${SHELL} /home/hkl/voice/sphinxtrain/missing --run aclocal-1.11'
AMDEPBACKSLASH='\'
AMDEP_FALSE='#'
AMDEP_TRUE=''
AMTAR='${SHELL} /home/hkl/voice/sphinxtrain/missing --run tar'
AR='ar'
AUTOCONF='${SHELL} /home/hkl/voice/sphinxtrain/missing --run autoconf'
AUTOHEADER='${SHELL} /home/hkl/voice/sphinxtrain/missing --run autoheader'
AUTOMAKE='${SHELL} /home/hkl/voice/sphinxtrain/missing --run automake-1.11'
AWK='gawk'
CC='gcc'
CCDEPMODE='depmode=gcc3'
CFLAGS='-g -O2 -fPIC -DPIC'
CPP='gcc -E'
CPPFLAGS='-I/home/hkl/voice/sphinxtrain/../sphinxbase/include -I/home/hkl/voice/sphinxtrain/../sphinxbase/include '
CXX='g++'
CXXCPP='g++ -E'
CXXDEPMODE='depmode=gcc3'
CXXFLAGS='-g -O2'
CYGPATH_W='echo'
DEFS='-DPACKAGE_NAME=\"SphinxTrain\" -DPACKAGE_TARNAME=\"sphinxtrain\" -DPACKAGE_VERSION=\"5prealpha\" -DPACKAGE_STRING=\"SphinxTrain\ 5prealpha\" -DPACKAGE_BUGREPORT=\"\" -DSTDC_HEADERS=1 -DHAVE_SYS_TYPES_H=1 -DHAVE_SYS_STAT_H=1 -DHAVE_STDLIB_H=1 -DHAVE_STRING_H=1 -DHAVE_MEMORY_H=1 -DHAVE_STRINGS_H=1 -DHAVE_INTTYPES_H=1 -DHAVE_STDINT_H=1 -DHAVE_UNISTD_H=1 -DHAVE_DLFCN_H=1 -DLT_OBJDIR=\".libs/\" -DHAVE_LIBM=1'
DEPDIR='.deps'
DSYMUTIL=''
DUMPBIN=''
ECHO_C=''
ECHO_N='-n'
ECHO_T=''
EGREP='/bin/grep -E'
EXEEXT=''
FGREP='/bin/grep -F'
G2P_DECODER_FALSE=''
G2P_DECODER_TRUE='#'
GREP='/bin/grep'
INSTALL_DATA='${INSTALL} -m 644'
INSTALL_PROGRAM='${INSTALL}'
INSTALL_SCRIPT='${INSTALL}'
INSTALL_STRIP_PROGRAM='$(install_sh) -c -s'
LD='/usr/bin/ld -m elf_x86_64'
LDFLAGS=' -L/home/hkl/voice/sphinxtrain/../sphinxbase/src/libsphinxad 		  -L/home/hkl/voice/sphinxtrain/../sphinxbase/src/libsphinxbase 		  -L/home/hkl/voice/sphinxtrain/../sphinxbase/src/libsphinxbase/.libs'
LIBOBJS=''
LIBS='-lm  -lsphinxbase'
LIBTOOL='$(SHELL) $(top_builddir)/libtool'
LIPO=''
LN_S='ln -s'
LTLIBOBJS=''
MAKEINFO='${SHELL} /home/hkl/voice/sphinxtrain/missing --run makeinfo'
MKDIR_P='/bin/mkdir -p'
NM='/usr/bin/nm -B'
NMEDIT=''
OBJDUMP='objdump'
OBJEXT='o'
OPENFST_CFLAGS=''
OPENFST_LIBS=''
OTOOL64=''
OTOOL=''
PACKAGE='sphinxtrain'
PACKAGE_BUGREPORT=''
PACKAGE_NAME='SphinxTrain'
PACKAGE_STRING='SphinxTrain 5prealpha'
PACKAGE_TARNAME='sphinxtrain'
PACKAGE_VERSION='5prealpha'
PATH_SEPARATOR=':'
PERL='/usr/bin/perl'
PKG_CONFIG=''
RANLIB='ranlib'
SED='/bin/sed'
SET_MAKE=''
SHELL='/bin/bash'
STRIP='strip'
SphinxBase_CFLAGS=''
SphinxBase_LIBS=''
VERSION='5prealpha'
ac_ct_CC='gcc'
ac_ct_CXX='g++'
ac_ct_DUMPBIN=''
am__EXEEXT_FALSE=''
am__EXEEXT_TRUE='#'
am__fastdepCC_FALSE='#'
am__fastdepCC_TRUE=''
am__fastdepCXX_FALSE='#'
am__fastdepCXX_TRUE=''
am__include='include'
am__isrc=''
am__leading_dot='.'
am__quote=''
am__tar='${AMTAR} chof - "$$tardir"'
am__untar='${AMTAR} xf -'
bindir='${exec_prefix}/bin'
build='x86_64-unknown-linux-gnu'
build_alias=''
build_cpu='x86_64'
build_os='linux-gnu'
build_vendor='unknown'
datadir='${datarootdir}'
datarootdir='${prefix}/share'
docdir='${datarootdir}/doc/${PACKAGE_TARNAME}'
dvidir='${docdir}'
exec_prefix='${prefix}'
host='x86_64-unknown-linux-gnu'
host_alias=''
host_cpu='x86_64'
host_os='linux-gnu'
host_vendor='unknown'
htmldir='${docdir}'
includedir='${prefix}/include'
infodir='${datarootdir}/info'
install_sh='${SHELL} /home/hkl/voice/sphinxtrain/install-sh'
libdir='${exec_prefix}/lib'
libexecdir='${exec_prefix}/libexec'
localedir='${datarootdir}/locale'
localstatedir='${prefix}/var'
lt_ECHO='echo'
mandir='${datarootdir}/man'
mkdir_p='/bin/mkdir -p'
oldincludedir='/usr/include'
pdfdir='${docdir}'
prefix='/usr/local'
program_transform_name='s,x,x,'
psdir='${docdir}'
sbindir='${exec_prefix}/sbin'
sharedstatedir='${prefix}/com'
sphinxbase='/home/hkl/voice/sphinxtrain/../sphinxbase'
sphinxbasebuild='/home/hkl/voice/sphinxtrain/../sphinxbase'
sysconfdir='${prefix}/etc'
target_alias=''

## ----------- ##
## confdefs.h. ##
## ----------- ##

#define PACKAGE_NAME "SphinxTrain"
#define PACKAGE_TARNAME "sphinxtrain"
#define PACKAGE_VERSION "5prealpha"
#define PACKAGE_STRING "SphinxTrain 5prealpha"
#define PACKAGE_BUGREPORT ""
#define STDC_HEADERS 1
#define HAVE_SYS_TYPES_H 1
#define HAVE_SYS_STAT_H 1
#define HAVE_STDLIB_H 1
#define HAVE_STRING_H 1
#define HAVE_MEMORY_H 1
#define HAVE_STRINGS_H 1
#define HAVE_INTTYPES_H 1
#define HAVE_STDINT_H 1
#define HAVE_UNISTD_H 1
#define HAVE_DLFCN_H 1
#define LT_OBJDIR ".libs/"
#define HAVE_LIBM 1

configure: exit 0
