This file contains any messages produced by compilers while
running configure, to aid debugging if configure makes a mistake.

It was created by pocketsphinx configure 5prealpha, which was
generated by GNU Autoconf 2.69.  Invocation command line was

  $ ./configure 

## --------- ##
## Platform. ##
## --------- ##

hostname = hkl
uname -m = x86_64
uname -r = 3.19.0-16-generic
uname -s = Linux
uname -v = #16-Ubuntu SMP Thu Apr 30 16:09:58 UTC 2015

/usr/bin/uname -p = unknown
/bin/uname -X     = unknown

/bin/arch              = unknown
/usr/bin/arch -k       = unknown
/usr/convex/getsysinfo = unknown
/usr/bin/hostinfo      = unknown
/bin/machine           = unknown
/usr/bin/oslevel       = unknown
/bin/universe          = unknown

PATH: /usr/local/sbin
PATH: /usr/local/bin
PATH: /usr/sbin
PATH: /usr/bin
PATH: /sbin
PATH: /bin
PATH: /usr/games
PATH: /usr/local/games


## ----------- ##
## Core tests. ##
## ----------- ##

configure:2534: checking for a BSD-compatible install
configure:2602: result: /usr/bin/install -c
configure:2613: checking whether build environment is sane
configure:2668: result: yes
configure:2819: checking for a thread-safe mkdir -p
configure:2858: result: /bin/mkdir -p
configure:2865: checking for gawk
configure:2895: result: no
configure:2865: checking for mawk
configure:2881: found /usr/bin/mawk
configure:2892: result: mawk
configure:2903: checking whether make sets $(MAKE)
configure:2925: result: yes
configure:2954: checking whether make supports nested variables
configure:2971: result: yes
configure:3096: checking build system type
configure:3110: result: x86_64-unknown-linux-gnu
configure:3130: checking host system type
configure:3143: result: x86_64-unknown-linux-gnu
configure:3211: checking for gcc
configure:3227: found /usr/bin/gcc
configure:3238: result: gcc
configure:3467: checking for C compiler version
configure:3476: gcc --version >&5
gcc (Ubuntu 4.9.2-10ubuntu13) 4.9.2
Copyright (C) 2014 Free Software Foundation, Inc.
This is free software; see the source for copying conditions.  There is NO
warranty; not even for MERCHANTABILITY or FITNESS FOR A PARTICULAR PURPOSE.

configure:3487: $? = 0
configure:3476: gcc -v >&5
Using built-in specs.
COLLECT_GCC=gcc
COLLECT_LTO_WRAPPER=/usr/lib/gcc/x86_64-linux-gnu/4.9/lto-wrapper
Target: x86_64-linux-gnu
Configured with: ../src/configure -v --with-pkgversion='Ubuntu 4.9.2-10ubuntu13' --with-bugurl=file:///usr/share/doc/gcc-4.9/README.Bugs --enable-languages=c,c++,java,go,d,fortran,objc,obj-c++ --prefix=/usr --program-suffix=-4.9 --enable-shared --enable-linker-build-id --libexecdir=/usr/lib --without-included-gettext --enable-threads=posix --with-gxx-include-dir=/usr/include/c++/4.9 --libdir=/usr/lib --enable-nls --with-sysroot=/ --enable-clocale=gnu --enable-libstdcxx-debug --enable-libstdcxx-time=yes --enable-gnu-unique-object --disable-vtable-verify --enable-plugin --with-system-zlib --disable-browser-plugin --enable-java-awt=gtk --enable-gtk-cairo --with-java-home=/usr/lib/jvm/java-1.5.0-gcj-4.9-amd64/jre --enable-java-home --with-jvm-root-dir=/usr/lib/jvm/java-1.5.0-gcj-4.9-amd64 --with-jvm-jar-dir=/usr/lib/jvm-exports/java-1.5.0-gcj-4.9-amd64 --with-arch-directory=amd64 --with-ecj-jar=/usr/share/java/eclipse-ecj.jar --enable-objc-gc --enable-multiarch --disable-werror --with-arch-32=i686 --with-abi=m64 --with-multilib-list=m32,m64,mx32 --enable-multilib --with-tune=generic --enable-checking=release --build=x86_64-linux-gnu --host=x86_64-linux-gnu --target=x86_64-linux-gnu
Thread model: posix
gcc version 4.9.2 (Ubuntu 4.9.2-10ubuntu13) 
configure:3487: $? = 0
configure:3476: gcc -V >&5
gcc: error: unrecognized command line option '-V'
gcc: fatal error: no input files
compilation terminated.
configure:3487: $? = 4
configure:3476: gcc -qversion >&5
gcc: error: unrecognized command line option '-qversion'
gcc: fatal error: no input files
compilation terminated.
configure:3487: $? = 4
configure:3507: checking whether the C compiler works
configure:3529: gcc -g -O2 -Wall   conftest.c  >&5
configure:3533: $? = 0
configure:3581: result: yes
configure:3584: checking for C compiler default output file name
configure:3586: result: a.out
configure:3592: checking for suffix of executables
configure:3599: gcc -o conftest -g -O2 -Wall   conftest.c  >&5
configure:3603: $? = 0
configure:3625: result: 
configure:3647: checking whether we are cross compiling
configure:3655: gcc -o conftest -g -O2 -Wall   conftest.c  >&5
configure:3659: $? = 0
configure:3666: ./conftest
configure:3670: $? = 0
configure:3685: result: no
configure:3690: checking for suffix of object files
configure:3712: gcc -c -g -O2 -Wall  conftest.c >&5
configure:3716: $? = 0
configure:3737: result: o
configure:3741: checking whether we are using the GNU C compiler
configure:3760: gcc -c -g -O2 -Wall  conftest.c >&5
configure:3760: $? = 0
configure:3769: result: yes
configure:3778: checking whether gcc accepts -g
configure:3798: gcc -c -g  conftest.c >&5
configure:3798: $? = 0
configure:3839: result: yes
configure:3856: checking for gcc option to accept ISO C89
configure:3919: gcc  -c -g -O2 -Wall  conftest.c >&5
configure:3919: $? = 0
configure:3932: result: none needed
configure:3957: checking whether gcc understands -c and -o together
configure:3979: gcc -c conftest.c -o conftest2.o
configure:3982: $? = 0
configure:3979: gcc -c conftest.c -o conftest2.o
configure:3982: $? = 0
configure:3994: result: yes
configure:4022: checking for style of include used by make
configure:4050: result: GNU
configure:4076: checking dependency style of gcc
configure:4187: result: gcc3
configure:4208: checking how to run the C preprocessor
configure:4239: gcc -E  conftest.c
configure:4239: $? = 0
configure:4253: gcc -E  conftest.c
conftest.c:9:28: fatal error: ac_nonexistent.h: No such file or directory
 #include <ac_nonexistent.h>
                            ^
compilation terminated.
configure:4253: $? = 1
configure: failed program was:
| /* confdefs.h */
| #define PACKAGE_NAME "pocketsphinx"
| #define PACKAGE_TARNAME "pocketsphinx"
| #define PACKAGE_VERSION "5prealpha"
| #define PACKAGE_STRING "pocketsphinx 5prealpha"
| #define PACKAGE_BUGREPORT ""
| #define PACKAGE_URL ""
| /* end confdefs.h.  */
| #include <ac_nonexistent.h>
configure:4278: result: gcc -E
configure:4298: gcc -E  conftest.c
configure:4298: $? = 0
configure:4312: gcc -E  conftest.c
conftest.c:9:28: fatal error: ac_nonexistent.h: No such file or directory
 #include <ac_nonexistent.h>
                            ^
compilation terminated.
configure:4312: $? = 1
configure: failed program was:
| /* confdefs.h */
| #define PACKAGE_NAME "pocketsphinx"
| #define PACKAGE_TARNAME "pocketsphinx"
| #define PACKAGE_VERSION "5prealpha"
| #define PACKAGE_STRING "pocketsphinx 5prealpha"
| #define PACKAGE_BUGREPORT ""
| #define PACKAGE_URL ""
| /* end confdefs.h.  */
| #include <ac_nonexistent.h>
configure:4341: checking for grep that handles long lines and -e
configure:4399: result: /bin/grep
configure:4404: checking for egrep
configure:4466: result: /bin/grep -E
configure:4471: checking for ANSI C header files
configure:4491: gcc -c -g -O2 -Wall  conftest.c >&5
configure:4491: $? = 0
configure:4564: gcc -o conftest -g -O2 -Wall   conftest.c  >&5
configure:4564: $? = 0
configure:4564: ./conftest
configure:4564: $? = 0
configure:4575: result: yes
configure:4588: checking for sys/types.h
configure:4588: gcc -c -g -O2 -Wall  conftest.c >&5
configure:4588: $? = 0
configure:4588: result: yes
configure:4588: checking for sys/stat.h
configure:4588: gcc -c -g -O2 -Wall  conftest.c >&5
configure:4588: $? = 0
configure:4588: result: yes
configure:4588: checking for stdlib.h
configure:4588: gcc -c -g -O2 -Wall  conftest.c >&5
configure:4588: $? = 0
configure:4588: result: yes
configure:4588: checking for string.h
configure:4588: gcc -c -g -O2 -Wall  conftest.c >&5
configure:4588: $? = 0
configure:4588: result: yes
configure:4588: checking for memory.h
configure:4588: gcc -c -g -O2 -Wall  conftest.c >&5
configure:4588: $? = 0
configure:4588: result: yes
configure:4588: checking for strings.h
configure:4588: gcc -c -g -O2 -Wall  conftest.c >&5
configure:4588: $? = 0
configure:4588: result: yes
configure:4588: checking for inttypes.h
configure:4588: gcc -c -g -O2 -Wall  conftest.c >&5
configure:4588: $? = 0
configure:4588: result: yes
configure:4588: checking for stdint.h
configure:4588: gcc -c -g -O2 -Wall  conftest.c >&5
configure:4588: $? = 0
configure:4588: result: yes
configure:4588: checking for unistd.h
configure:4588: gcc -c -g -O2 -Wall  conftest.c >&5
configure:4588: $? = 0
configure:4588: result: yes
configure:4600: checking whether byte ordering is bigendian
configure:4615: gcc -c -g -O2 -Wall  conftest.c >&5
conftest.c:20:9: error: unknown type name 'not'
         not a universal capable compiler
         ^
conftest.c:20:15: error: expected '=', ',', ';', 'asm' or '__attribute__' before 'universal'
         not a universal capable compiler
               ^
conftest.c:20:15: error: unknown type name 'universal'
configure:4615: $? = 1
configure: failed program was:
| /* confdefs.h */
| #define PACKAGE_NAME "pocketsphinx"
| #define PACKAGE_TARNAME "pocketsphinx"
| #define PACKAGE_VERSION "5prealpha"
| #define PACKAGE_STRING "pocketsphinx 5prealpha"
| #define PACKAGE_BUGREPORT ""
| #define PACKAGE_URL ""
| #define STDC_HEADERS 1
| #define HAVE_SYS_TYPES_H 1
| #define HAVE_SYS_STAT_H 1
| #define HAVE_STDLIB_H 1
| #define HAVE_STRING_H 1
| #define HAVE_MEMORY_H 1
| #define HAVE_STRINGS_H 1
| #define HAVE_INTTYPES_H 1
| #define HAVE_STDINT_H 1
| #define HAVE_UNISTD_H 1
| /* end confdefs.h.  */
| #ifndef __APPLE_CC__
| 	       not a universal capable compiler
| 	     #endif
| 	     typedef int dummy;
| 
configure:4660: gcc -c -g -O2 -Wall  conftest.c >&5
configure:4660: $? = 0
configure:4678: gcc -c -g -O2 -Wall  conftest.c >&5
conftest.c: In function 'main':
conftest.c:26:4: error: unknown type name 'not'
    not big endian
    ^
conftest.c:26:12: error: expected '=', ',', ';', 'asm' or '__attribute__' before 'endian'
    not big endian
            ^
configure:4678: $? = 1
configure: failed program was:
| /* confdefs.h */
| #define PACKAGE_NAME "pocketsphinx"
| #define PACKAGE_TARNAME "pocketsphinx"
| #define PACKAGE_VERSION "5prealpha"
| #define PACKAGE_STRING "pocketsphinx 5prealpha"
| #define PACKAGE_BUGREPORT ""
| #define PACKAGE_URL ""
| #define STDC_HEADERS 1
| #define HAVE_SYS_TYPES_H 1
| #define HAVE_SYS_STAT_H 1
| #define HAVE_STDLIB_H 1
| #define HAVE_STRING_H 1
| #define HAVE_MEMORY_H 1
| #define HAVE_STRINGS_H 1
| #define HAVE_INTTYPES_H 1
| #define HAVE_STDINT_H 1
| #define HAVE_UNISTD_H 1
| /* end confdefs.h.  */
| #include <sys/types.h>
| 		#include <sys/param.h>
| 
| int
| main ()
| {
| #if BYTE_ORDER != BIG_ENDIAN
| 		 not big endian
| 		#endif
| 
|   ;
|   return 0;
| }
configure:4806: result: no
configure:4824: checking for long long
configure:4824: gcc -c -g -O2 -Wall  conftest.c >&5
configure:4824: $? = 0
configure:4824: gcc -c -g -O2 -Wall  conftest.c >&5
conftest.c: In function 'main':
conftest.c:55:24: error: expected expression before ')' token
 if (sizeof ((long long)))
                        ^
configure:4824: $? = 1
configure: failed program was:
| /* confdefs.h */
| #define PACKAGE_NAME "pocketsphinx"
| #define PACKAGE_TARNAME "pocketsphinx"
| #define PACKAGE_VERSION "5prealpha"
| #define PACKAGE_STRING "pocketsphinx 5prealpha"
| #define PACKAGE_BUGREPORT ""
| #define PACKAGE_URL ""
| #define STDC_HEADERS 1
| #define HAVE_SYS_TYPES_H 1
| #define HAVE_SYS_STAT_H 1
| #define HAVE_STDLIB_H 1
| #define HAVE_STRING_H 1
| #define HAVE_MEMORY_H 1
| #define HAVE_STRINGS_H 1
| #define HAVE_INTTYPES_H 1
| #define HAVE_STDINT_H 1
| #define HAVE_UNISTD_H 1
| /* end confdefs.h.  */
| #include <stdio.h>
| #ifdef HAVE_SYS_TYPES_H
| # include <sys/types.h>
| #endif
| #ifdef HAVE_SYS_STAT_H
| # include <sys/stat.h>
| #endif
| #ifdef STDC_HEADERS
| # include <stdlib.h>
| # include <stddef.h>
| #else
| # ifdef HAVE_STDLIB_H
| #  include <stdlib.h>
| # endif
| #endif
| #ifdef HAVE_STRING_H
| # if !defined STDC_HEADERS && defined HAVE_MEMORY_H
| #  include <memory.h>
| # endif
| # include <string.h>
| #endif
| #ifdef HAVE_STRINGS_H
| # include <strings.h>
| #endif
| #ifdef HAVE_INTTYPES_H
| # include <inttypes.h>
| #endif
| #ifdef HAVE_STDINT_H
| # include <stdint.h>
| #endif
| #ifdef HAVE_UNISTD_H
| # include <unistd.h>
| #endif
| int
| main ()
| {
| if (sizeof ((long long)))
| 	    return 0;
|   ;
|   return 0;
| }
configure:4824: result: yes
configure:4838: checking size of long long
configure:4843: gcc -o conftest -g -O2 -Wall   conftest.c  >&5
configure:4843: $? = 0
configure:4843: ./conftest
configure:4843: $? = 0
configure:4857: result: 8
configure:4869: checking for dup2
configure:4869: gcc -o conftest -g -O2 -Wall   conftest.c  >&5
configure:4869: $? = 0
configure:4869: result: yes
configure:4925: checking how to print strings
configure:4952: result: printf
configure:4973: checking for a sed that does not truncate output
configure:5037: result: /bin/sed
configure:5055: checking for fgrep
configure:5117: result: /bin/grep -F
configure:5152: checking for ld used by gcc
configure:5219: result: /usr/bin/ld
configure:5226: checking if the linker (/usr/bin/ld) is GNU ld
configure:5241: result: yes
configure:5253: checking for BSD- or MS-compatible name lister (nm)
configure:5302: result: /usr/bin/nm -B
configure:5432: checking the name lister (/usr/bin/nm -B) interface
configure:5439: gcc -c -g -O2 -Wall  conftest.c >&5
configure:5442: /usr/bin/nm -B "conftest.o"
configure:5445: output
0000000000000000 B some_variable
configure:5452: result: BSD nm
configure:5455: checking whether ln -s works
configure:5459: result: yes
configure:5467: checking the maximum length of command line arguments
configure:5598: result: 1572864
configure:5615: checking whether the shell understands some XSI constructs
configure:5625: result: yes
configure:5629: checking whether the shell understands "+="
configure:5635: result: yes
configure:5670: checking how to convert x86_64-unknown-linux-gnu file names to x86_64-unknown-linux-gnu format
configure:5710: result: func_convert_file_noop
configure:5717: checking how to convert x86_64-unknown-linux-gnu file names to toolchain format
configure:5737: result: func_convert_file_noop
configure:5744: checking for /usr/bin/ld option to reload object files
configure:5751: result: -r
configure:5825: checking for objdump
configure:5841: found /usr/bin/objdump
configure:5852: result: objdump
configure:5884: checking how to recognize dependent libraries
configure:6082: result: pass_all
configure:6167: checking for dlltool
configure:6197: result: no
configure:6227: checking how to associate runtime and link libraries
configure:6254: result: printf %s\n
configure:6314: checking for ar
configure:6330: found /usr/bin/ar
configure:6341: result: ar
configure:6378: checking for archiver @FILE support
configure:6395: gcc -c -g -O2 -Wall  conftest.c >&5
configure:6395: $? = 0
configure:6398: ar cru libconftest.a @conftest.lst >&5
configure:6401: $? = 0
configure:6406: ar cru libconftest.a @conftest.lst >&5
ar: conftest.o: No such file or directory
configure:6409: $? = 1
configure:6421: result: @
configure:6479: checking for strip
configure:6495: found /usr/bin/strip
configure:6506: result: strip
configure:6578: checking for ranlib
configure:6594: found /usr/bin/ranlib
configure:6605: result: ranlib
configure:6707: checking command to parse /usr/bin/nm -B output from gcc object
configure:6827: gcc -c -g -O2 -Wall  conftest.c >&5
configure:6830: $? = 0
configure:6834: /usr/bin/nm -B conftest.o \| sed -n -e 's/^.*[ ]\([ABCDGIRSTW][ABCDGIRSTW]*\)[ ][ ]*\([_A-Za-z][_A-Za-z0-9]*\)$/\1 \2 \2/p' | sed '/ __gnu_lto/d' \> conftest.nm
configure:6837: $? = 0
configure:6903: gcc -o conftest -g -O2 -Wall   conftest.c conftstm.o >&5
configure:6906: $? = 0
configure:6944: result: ok
configure:6981: checking for sysroot
configure:7011: result: no
configure:7088: gcc -c -g -O2 -Wall  conftest.c >&5
configure:7091: $? = 0
configure:7280: checking for mt
configure:7296: found /bin/mt
configure:7307: result: mt
configure:7330: checking if mt is a manifest tool
configure:7336: mt '-?'
configure:7344: result: no
configure:7983: checking for dlfcn.h
configure:7983: gcc -c -g -O2 -Wall  conftest.c >&5
configure:7983: $? = 0
configure:7983: result: yes
configure:8189: checking for objdir
configure:8204: result: .libs
configure:8475: checking if gcc supports -fno-rtti -fno-exceptions
configure:8493: gcc -c -g -O2 -Wall  -fno-rtti -fno-exceptions conftest.c >&5
cc1: warning: command line option '-fno-rtti' is valid for C++/ObjC++ but not for C
configure:8497: $? = 0
configure:8510: result: no
configure:8837: checking for gcc option to produce PIC
configure:8844: result: -fPIC -DPIC
configure:8852: checking if gcc PIC flag -fPIC -DPIC works
configure:8870: gcc -c -g -O2 -Wall  -fPIC -DPIC -DPIC conftest.c >&5
configure:8874: $? = 0
configure:8887: result: yes
configure:8916: checking if gcc static flag -static works
configure:8944: result: yes
configure:8959: checking if gcc supports -c -o file.o
configure:8980: gcc -c -g -O2 -Wall  -o out/conftest2.o conftest.c >&5
configure:8984: $? = 0
configure:9006: result: yes
configure:9014: checking if gcc supports -c -o file.o
configure:9061: result: yes
configure:9094: checking whether the gcc linker (/usr/bin/ld -m elf_x86_64) supports shared libraries
configure:10251: result: yes
configure:10288: checking whether -lc should be explicitly linked in
configure:10296: gcc -c -g -O2 -Wall  conftest.c >&5
configure:10299: $? = 0
configure:10314: gcc -shared  -fPIC -DPIC conftest.o  -v -Wl,-soname -Wl,conftest -o conftest 2\>\&1 \| /bin/grep  -lc  \>/dev/null 2\>\&1
configure:10317: $? = 0
configure:10331: result: no
configure:10491: checking dynamic linker characteristics
configure:10991: gcc -o conftest -g -O2 -Wall   -Wl,-rpath -Wl,/foo conftest.c  >&5
configure:10991: $? = 0
configure:11225: result: GNU/Linux ld.so
configure:11332: checking how to hardcode library paths into programs
configure:11357: result: immediate
configure:11897: checking whether stripping libraries is possible
configure:11902: result: yes
configure:11937: checking if libtool supports shared libraries
configure:11939: result: yes
configure:11942: checking whether to build shared libraries
configure:11963: result: yes
configure:11966: checking whether to build static libraries
configure:11970: result: yes
configure:12010: checking for pkg-config
configure:12026: found /usr/bin/pkg-config
configure:12038: result: yes
configure:12049: checking for doxygen
configure:12077: result: no
configure:12137: checking for a Python interpreter with version >= 2.4
configure:12154: python -c import sys # split strings by '.' and convert to numeric. Append some zeros # because we need at least 4 digits for the hex conversion. # map returns an iterator in Python 3.0 and a list in 2.x minver = list(map(int, '2.4'.split('.'))) + [0, 0, 0] minverhex = 0 # xrange is not present in Python 3.0 and range returns an iterator for i in list(range(0, 4)): minverhex = (minverhex << 8) + minver[i] sys.exit(sys.hexversion < minverhex)
configure:12157: $? = 0
configure:12163: result: python
configure:12171: checking for python
configure:12189: found /usr/bin/python
configure:12201: result: /usr/bin/python
configure:12219: checking for python version
configure:12226: result: 2.7
configure:12238: checking for python platform
configure:12245: result: linux2
configure:12271: checking for python script directory
configure:12306: result: ${prefix}/lib/python2.7/dist-packages
configure:12315: checking for python extension module directory
configure:12350: result: ${exec_prefix}/lib/python2.7/dist-packages
configure:12363: checking for python include path
configure:12379: result: -I/usr/include/python2.7
configure:12387: checking for swig
configure:12420: result: no
configure:12387: checking for swig2.0
configure:12405: found /usr/bin/swig2.0
configure:12417: result: /usr/bin/swig2.0
configure:12431: checking SWIG version
configure:12434: result: 2.0.12
configure:12483: checking for SWIG library
configure:12486: result: /usr/share/swig2.0
configure:12562: checking for pkg-config
configure:12580: found /usr/bin/pkg-config
configure:12592: result: /usr/bin/pkg-config
configure:12617: checking pkg-config is at least version 0.9.0
configure:12620: result: yes
configure:12631: checking for GStreamer
configure:12641: $PKG_CONFIG --exists --print-errors "gstreamer-$GST_MAJORMINOR >= 1.0
		       gstreamer-base-$GST_MAJORMINOR >= 1.0
		       gstreamer-plugins-base-$GST_MAJORMINOR >= 1.0"
Package gstreamer-1.0 was not found in the pkg-config search path.
Perhaps you should add the directory containing `gstreamer-1.0.pc'
to the PKG_CONFIG_PATH environment variable
No package 'gstreamer-1.0' found
Package gstreamer-base-1.0 was not found in the pkg-config search path.
Perhaps you should add the directory containing `gstreamer-base-1.0.pc'
to the PKG_CONFIG_PATH environment variable
No package 'gstreamer-base-1.0' found
Package gstreamer-plugins-base-1.0 was not found in the pkg-config search path.
Perhaps you should add the directory containing `gstreamer-plugins-base-1.0.pc'
to the PKG_CONFIG_PATH environment variable
No package 'gstreamer-plugins-base-1.0' found
configure:12646: $? = 1
configure:12665: $PKG_CONFIG --exists --print-errors "gstreamer-$GST_MAJORMINOR >= 1.0
		       gstreamer-base-$GST_MAJORMINOR >= 1.0
		       gstreamer-plugins-base-$GST_MAJORMINOR >= 1.0"
Package gstreamer-1.0 was not found in the pkg-config search path.
Perhaps you should add the directory containing `gstreamer-1.0.pc'
to the PKG_CONFIG_PATH environment variable
No package 'gstreamer-1.0' found
Package gstreamer-base-1.0 was not found in the pkg-config search path.
Perhaps you should add the directory containing `gstreamer-base-1.0.pc'
to the PKG_CONFIG_PATH environment variable
No package 'gstreamer-base-1.0' found
Package gstreamer-plugins-base-1.0 was not found in the pkg-config search path.
Perhaps you should add the directory containing `gstreamer-plugins-base-1.0.pc'
to the PKG_CONFIG_PATH environment variable
No package 'gstreamer-plugins-base-1.0' found
configure:12670: $? = 1
No package 'gstreamer-1.0' found
No package 'gstreamer-base-1.0' found
No package 'gstreamer-plugins-base-1.0' found
configure:12704: result: no
configure:12764: checking for sphinxbase in /home/googolhkl/jarvis/SR/pocketsphinx/../sphinxbase
configure:12768: result: yes
configure:13045: checking that generated files are newer than configure
configure:13051: result: done
configure:13087: creating ./config.status

## ---------------------- ##
## Running config.status. ##
## ---------------------- ##

This file was extended by pocketsphinx config.status 5prealpha, which was
generated by GNU Autoconf 2.69.  Invocation command line was

  CONFIG_FILES    = 
  CONFIG_HEADERS  = 
  CONFIG_LINKS    = 
  CONFIG_COMMANDS = 
  $ ./config.status 

on hkl

config.status:1051: creating pocketsphinx.pc
config.status:1051: creating Makefile
config.status:1051: creating include/Makefile
config.status:1051: creating src/Makefile
config.status:1051: creating swig/Makefile
config.status:1051: creating swig/python/Makefile
config.status:1051: creating swig/python/test/Makefile
config.status:1051: creating src/libpocketsphinx/Makefile
config.status:1051: creating src/programs/Makefile
config.status:1051: creating src/gst-plugin/Makefile
config.status:1051: creating doc/Makefile
config.status:1051: creating doc/doxyfile
config.status:1051: creating model/Makefile
config.status:1051: creating test/Makefile
config.status:1051: creating test/testfuncs.sh
config.status:1051: creating test/unit/Makefile
config.status:1051: creating test/regression/Makefile
config.status:1223: executing depfiles commands
config.status:1223: executing libtool commands

## ---------------- ##
## Cache variables. ##
## ---------------- ##

ac_cv_build=x86_64-unknown-linux-gnu
ac_cv_c_bigendian=no
ac_cv_c_compiler_gnu=yes
ac_cv_env_CC_set=
ac_cv_env_CC_value=
ac_cv_env_CFLAGS_set=
ac_cv_env_CFLAGS_value=
ac_cv_env_CPPFLAGS_set=
ac_cv_env_CPPFLAGS_value=
ac_cv_env_CPP_set=
ac_cv_env_CPP_value=
ac_cv_env_GStreamer_CFLAGS_set=
ac_cv_env_GStreamer_CFLAGS_value=
ac_cv_env_GStreamer_LIBS_set=
ac_cv_env_GStreamer_LIBS_value=
ac_cv_env_LDFLAGS_set=
ac_cv_env_LDFLAGS_value=
ac_cv_env_LIBS_set=
ac_cv_env_LIBS_value=
ac_cv_env_PKG_CONFIG_set=
ac_cv_env_PKG_CONFIG_value=
ac_cv_env_PYTHON_set=
ac_cv_env_PYTHON_value=
ac_cv_env_SPHINXBASE_CFLAGS_set=
ac_cv_env_SPHINXBASE_CFLAGS_value=
ac_cv_env_SPHINXBASE_LIBS_set=
ac_cv_env_SPHINXBASE_LIBS_value=
ac_cv_env_build_alias_set=
ac_cv_env_build_alias_value=
ac_cv_env_host_alias_set=
ac_cv_env_host_alias_value=
ac_cv_env_target_alias_set=
ac_cv_env_target_alias_value=
ac_cv_func_dup2=yes
ac_cv_header_dlfcn_h=yes
ac_cv_header_inttypes_h=yes
ac_cv_header_memory_h=yes
ac_cv_header_stdc=yes
ac_cv_header_stdint_h=yes
ac_cv_header_stdlib_h=yes
ac_cv_header_string_h=yes
ac_cv_header_strings_h=yes
ac_cv_header_sys_stat_h=yes
ac_cv_header_sys_types_h=yes
ac_cv_header_unistd_h=yes
ac_cv_host=x86_64-unknown-linux-gnu
ac_cv_objext=o
ac_cv_path_EGREP='/bin/grep -E'
ac_cv_path_FGREP='/bin/grep -F'
ac_cv_path_GREP=/bin/grep
ac_cv_path_PYTHON=/usr/bin/python
ac_cv_path_SED=/bin/sed
ac_cv_path_SWIG=/usr/bin/swig2.0
ac_cv_path_ac_pt_PKG_CONFIG=/usr/bin/pkg-config
ac_cv_path_install='/usr/bin/install -c'
ac_cv_path_mkdir=/bin/mkdir
ac_cv_prog_AWK=mawk
ac_cv_prog_CPP='gcc -E'
ac_cv_prog_HAVE_DOXYGEN=no
ac_cv_prog_HAVE_PKGCONFIG=yes
ac_cv_prog_ac_ct_AR=ar
ac_cv_prog_ac_ct_CC=gcc
ac_cv_prog_ac_ct_MANIFEST_TOOL=mt
ac_cv_prog_ac_ct_OBJDUMP=objdump
ac_cv_prog_ac_ct_RANLIB=ranlib
ac_cv_prog_ac_ct_STRIP=strip
ac_cv_prog_cc_c89=
ac_cv_prog_cc_g=yes
ac_cv_prog_make_make_set=yes
ac_cv_sizeof_long_long=8
ac_cv_type_long_long=yes
am_cv_CC_dependencies_compiler_type=gcc3
am_cv_make_support_nested_variables=yes
am_cv_pathless_PYTHON=python
am_cv_prog_cc_c_o=yes
am_cv_python_platform=linux2
am_cv_python_pyexecdir='${exec_prefix}/lib/python2.7/dist-packages'
am_cv_python_pythondir='${prefix}/lib/python2.7/dist-packages'
am_cv_python_version=2.7
lt_cv_ar_at_file=@
lt_cv_archive_cmds_need_lc=no
lt_cv_deplibs_check_method=pass_all
lt_cv_file_magic_cmd='$MAGIC_CMD'
lt_cv_file_magic_test_file=
lt_cv_ld_reload_flag=-r
lt_cv_nm_interface='BSD nm'
lt_cv_objdir=.libs
lt_cv_path_LD=/usr/bin/ld
lt_cv_path_NM='/usr/bin/nm -B'
lt_cv_path_mainfest_tool=no
lt_cv_prog_compiler_c_o=yes
lt_cv_prog_compiler_pic='-fPIC -DPIC'
lt_cv_prog_compiler_pic_works=yes
lt_cv_prog_compiler_rtti_exceptions=no
lt_cv_prog_compiler_static_works=yes
lt_cv_prog_gnu_ld=yes
lt_cv_sharedlib_from_linklib_cmd='printf %s\n'
lt_cv_shlibpath_overrides_runpath=no
lt_cv_sys_global_symbol_pipe='sed -n -e '\''s/^.*[	 ]\([ABCDGIRSTW][ABCDGIRSTW]*\)[	 ][	 ]*\([_A-Za-z][_A-Za-z0-9]*\)$/\1 \2 \2/p'\'' | sed '\''/ __gnu_lto/d'\'''
lt_cv_sys_global_symbol_to_c_name_address='sed -n -e '\''s/^: \([^ ]*\)[ ]*$/  {\"\1\", (void *) 0},/p'\'' -e '\''s/^[ABCDGIRSTW]* \([^ ]*\) \([^ ]*\)$/  {"\2", (void *) \&\2},/p'\'''
lt_cv_sys_global_symbol_to_c_name_address_lib_prefix='sed -n -e '\''s/^: \([^ ]*\)[ ]*$/  {\"\1\", (void *) 0},/p'\'' -e '\''s/^[ABCDGIRSTW]* \([^ ]*\) \(lib[^ ]*\)$/  {"\2", (void *) \&\2},/p'\'' -e '\''s/^[ABCDGIRSTW]* \([^ ]*\) \([^ ]*\)$/  {"lib\2", (void *) \&\2},/p'\'''
lt_cv_sys_global_symbol_to_cdecl='sed -n -e '\''s/^T .* \(.*\)$/extern int \1();/p'\'' -e '\''s/^[ABCDGIRSTW]* .* \(.*\)$/extern char \1;/p'\'''
lt_cv_sys_max_cmd_len=1572864
lt_cv_to_host_file_cmd=func_convert_file_noop
lt_cv_to_tool_file_cmd=func_convert_file_noop

## ----------------- ##
## Output variables. ##
## ----------------- ##

ACLOCAL='${SHELL} /home/googolhkl/jarvis/SR/pocketsphinx/missing aclocal-1.14'
AMDEPBACKSLASH='\'
AMDEP_FALSE='#'
AMDEP_TRUE=''
AMTAR='$${TAR-tar}'
AM_BACKSLASH='\'
AM_DEFAULT_V='$(AM_DEFAULT_VERBOSITY)'
AM_DEFAULT_VERBOSITY='1'
AM_V='$(V)'
AR='ar'
AUTOCONF='${SHELL} /home/googolhkl/jarvis/SR/pocketsphinx/missing autoconf'
AUTOHEADER='${SHELL} /home/googolhkl/jarvis/SR/pocketsphinx/missing autoheader'
AUTOMAKE='${SHELL} /home/googolhkl/jarvis/SR/pocketsphinx/missing automake-1.14'
AWK='mawk'
BUILD_DOXYGEN_FALSE=''
BUILD_DOXYGEN_TRUE='#'
BUILD_GST_FALSE=''
BUILD_GST_TRUE='#'
BUILD_SWIG_FALSE='#'
BUILD_SWIG_TRUE=''
CC='gcc'
CCDEPMODE='depmode=gcc3'
CFLAGS='-g -O2 -Wall'
CPP='gcc -E'
CPPFLAGS=' -I/home/googolhkl/jarvis/SR/pocketsphinx/../sphinxbase/include'
CYGPATH_W='echo'
DEFS='-DPACKAGE_NAME=\"pocketsphinx\" -DPACKAGE_TARNAME=\"pocketsphinx\" -DPACKAGE_VERSION=\"5prealpha\" -DPACKAGE_STRING=\"pocketsphinx\ 5prealpha\" -DPACKAGE_BUGREPORT=\"\" -DPACKAGE_URL=\"\" -DSTDC_HEADERS=1 -DHAVE_SYS_TYPES_H=1 -DHAVE_SYS_STAT_H=1 -DHAVE_STDLIB_H=1 -DHAVE_STRING_H=1 -DHAVE_MEMORY_H=1 -DHAVE_STRINGS_H=1 -DHAVE_INTTYPES_H=1 -DHAVE_STDINT_H=1 -DHAVE_UNISTD_H=1 -DHAVE_LONG_LONG=1 -DSIZEOF_LONG_LONG=8 -DHAVE_DUP2=1 -DHAVE_DLFCN_H=1 -DLT_OBJDIR=\".libs/\"'
DEPDIR='.deps'
DLLTOOL='false'
DSYMUTIL=''
DUMPBIN=''
ECHO_C=''
ECHO_N='-n'
ECHO_T=''
EGREP='/bin/grep -E'
EXEEXT=''
FGREP='/bin/grep -F'
GREP='/bin/grep'
GST_CFLAGS=' '
GST_LIBS=''
GST_MAJORMINOR='1.0'
GST_PLUGIN_LDFLAGS='-module -avoid-version -export-symbols-regex _*\(gst_\|Gst\|GST_\).*'
GStreamer_CFLAGS=''
GStreamer_LIBS=''
HAVE_DOXYGEN='no'
HAVE_PKGCONFIG='yes'
INSTALL_DATA='${INSTALL} -m 644'
INSTALL_PROGRAM='${INSTALL}'
INSTALL_SCRIPT='${INSTALL}'
INSTALL_STRIP_PROGRAM='$(install_sh) -c -s'
LD='/usr/bin/ld -m elf_x86_64'
LDFLAGS=' -L/home/googolhkl/jarvis/SR/pocketsphinx/../sphinxbase/src/libsphinxad 		     -L/home/googolhkl/jarvis/SR/pocketsphinx/../sphinxbase/src/libsphinxbase'
LIBOBJS=''
LIBS=' -lsphinxbase'
LIBTOOL='$(SHELL) $(top_builddir)/libtool'
LIPO=''
LN_S='ln -s'
LTLIBOBJS=''
MAKEINFO='${SHELL} /home/googolhkl/jarvis/SR/pocketsphinx/missing makeinfo'
MANIFEST_TOOL=':'
MKDIR_P='/bin/mkdir -p'
NM='/usr/bin/nm -B'
NMEDIT=''
OBJDUMP='objdump'
OBJEXT='o'
OTOOL64=''
OTOOL=''
PACKAGE='pocketsphinx'
PACKAGE_BUGREPORT=''
PACKAGE_NAME='pocketsphinx'
PACKAGE_STRING='pocketsphinx 5prealpha'
PACKAGE_TARNAME='pocketsphinx'
PACKAGE_URL=''
PACKAGE_VERSION='5prealpha'
PATH_SEPARATOR=':'
PKG_CONFIG='/usr/bin/pkg-config'
PYTHON='/usr/bin/python'
PYTHON_CPPFLAGS='-I/usr/include/python2.7'
PYTHON_EXEC_PREFIX='${exec_prefix}'
PYTHON_PLATFORM='linux2'
PYTHON_PREFIX='${prefix}'
PYTHON_VERSION='2.7'
RANLIB='ranlib'
SED='/bin/sed'
SET_MAKE=''
SHELL='/bin/bash'
SPHINXBASE_CFLAGS=''
SPHINXBASE_LIBS=''
SPHINXBASE_SWIG='/home/googolhkl/jarvis/SR/pocketsphinx/../sphinxbase/swig'
STRIP='strip'
SWIG='/usr/bin/swig2.0'
SWIG_LIB='/usr/share/swig2.0'
VERSION='5prealpha'
ac_ct_AR='ar'
ac_ct_CC='gcc'
ac_ct_DUMPBIN=''
am__EXEEXT_FALSE=''
am__EXEEXT_TRUE='#'
am__fastdepCC_FALSE='#'
am__fastdepCC_TRUE=''
am__include='include'
am__isrc=''
am__leading_dot='.'
am__nodep='_no'
am__quote=''
am__tar='$${TAR-tar} chof - "$$tardir"'
am__untar='$${TAR-tar} xf -'
bindir='${exec_prefix}/bin'
build='x86_64-unknown-linux-gnu'
build_alias=''
build_cpu='x86_64'
build_os='linux-gnu'
build_vendor='unknown'
datadir='${datarootdir}'
datarootdir='${prefix}/share'
docdir='${datarootdir}/doc/${PACKAGE_TARNAME}'
dvidir='${docdir}'
exec_prefix='${prefix}'
host='x86_64-unknown-linux-gnu'
host_alias=''
host_cpu='x86_64'
host_os='linux-gnu'
host_vendor='unknown'
htmldir='${docdir}'
includedir='${prefix}/include'
infodir='${datarootdir}/info'
install_sh='${SHELL} /home/googolhkl/jarvis/SR/pocketsphinx/install-sh'
libdir='${exec_prefix}/lib'
libexecdir='${exec_prefix}/libexec'
localedir='${datarootdir}/locale'
localstatedir='${prefix}/var'
mandir='${datarootdir}/man'
mkdir_p='$(MKDIR_P)'
oldincludedir='/usr/include'
pdfdir='${docdir}'
pkgpyexecdir='${pyexecdir}/pocketsphinx'
pkgpythondir='${pythondir}/pocketsphinx'
plugindir='$(libdir)/gstreamer-1.0'
prefix='/usr/local'
program_transform_name='s,x,x,'
psdir='${docdir}'
pyexecdir='${exec_prefix}/lib/python2.7/dist-packages'
pythondir='${prefix}/lib/python2.7/dist-packages'
sbindir='${exec_prefix}/sbin'
sharedstatedir='${prefix}/com'
sysconfdir='${prefix}/etc'
target_alias=''

## ----------- ##
## confdefs.h. ##
## ----------- ##

/* confdefs.h */
#define PACKAGE_NAME "pocketsphinx"
#define PACKAGE_TARNAME "pocketsphinx"
#define PACKAGE_VERSION "5prealpha"
#define PACKAGE_STRING "pocketsphinx 5prealpha"
#define PACKAGE_BUGREPORT ""
#define PACKAGE_URL ""
#define STDC_HEADERS 1
#define HAVE_SYS_TYPES_H 1
#define HAVE_SYS_STAT_H 1
#define HAVE_STDLIB_H 1
#define HAVE_STRING_H 1
#define HAVE_MEMORY_H 1
#define HAVE_STRINGS_H 1
#define HAVE_INTTYPES_H 1
#define HAVE_STDINT_H 1
#define HAVE_UNISTD_H 1
#define HAVE_LONG_LONG 1
#define SIZEOF_LONG_LONG 8
#define HAVE_DUP2 1
#define HAVE_DLFCN_H 1
#define LT_OBJDIR ".libs/"

configure: exit 0
